{"/home/timothy/Desktop/Node_projects/andela/i-reporter/Test/intervention.test.js":{"path":"/home/timothy/Desktop/Node_projects/andela/i-reporter/Test/intervention.test.js","s":{"1":1,"2":1,"3":1,"4":1,"5":1,"6":1,"7":1,"8":1,"9":1,"10":1,"11":1,"12":1,"13":1,"14":1,"15":1,"16":1,"17":1,"18":1,"19":1,"20":1,"21":1,"22":1,"23":1,"24":1,"25":1,"26":1,"27":1,"28":1,"29":1,"30":1,"31":1,"32":1,"33":1,"34":1,"35":1,"36":1,"37":1,"38":1,"39":1,"40":1,"41":1,"42":1,"43":1,"44":1,"45":1,"46":1,"47":1,"48":1,"49":1,"50":1,"51":1,"52":1,"53":1,"54":1,"55":1},"b":{},"f":{},"fnMap":{},"statementMap":{"1":{"start":{"line":1,"column":0},"end":{"line":1,"column":36}},"2":{"start":{"line":2,"column":0},"end":{"line":2,"column":37}},"3":{"start":{"line":3,"column":0},"end":{"line":3,"column":36}},"4":{"start":{"line":5,"column":0},"end":{"line":5,"column":15}},"5":{"start":{"line":7,"column":0},"end":{"line":54,"column":3}},"6":{"start":{"line":8,"column":2},"end":{"line":30,"column":5}},"7":{"start":{"line":9,"column":4},"end":{"line":18,"column":6}},"8":{"start":{"line":20,"column":4},"end":{"line":29,"column":17}},"9":{"start":{"line":26,"column":8},"end":{"line":26,"column":71}},"10":{"start":{"line":27,"column":8},"end":{"line":27,"column":29}},"11":{"start":{"line":32,"column":2},"end":{"line":53,"column":5}},"12":{"start":{"line":33,"column":4},"end":{"line":42,"column":6}},"13":{"start":{"line":44,"column":4},"end":{"line":52,"column":17}},"14":{"start":{"line":50,"column":8},"end":{"line":50,"column":64}},"15":{"start":{"line":56,"column":0},"end":{"line":67,"column":3}},"16":{"start":{"line":57,"column":2},"end":{"line":66,"column":5}},"17":{"start":{"line":58,"column":4},"end":{"line":65,"column":17}},"18":{"start":{"line":63,"column":8},"end":{"line":63,"column":43}},"19":{"start":{"line":69,"column":0},"end":{"line":80,"column":3}},"20":{"start":{"line":70,"column":2},"end":{"line":79,"column":5}},"21":{"start":{"line":71,"column":4},"end":{"line":78,"column":17}},"22":{"start":{"line":76,"column":8},"end":{"line":76,"column":44}},"23":{"start":{"line":82,"column":0},"end":{"line":128,"column":3}},"24":{"start":{"line":83,"column":2},"end":{"line":97,"column":5}},"25":{"start":{"line":84,"column":4},"end":{"line":86,"column":6}},"26":{"start":{"line":87,"column":4},"end":{"line":96,"column":17}},"27":{"start":{"line":93,"column":8},"end":{"line":93,"column":83}},"28":{"start":{"line":94,"column":8},"end":{"line":94,"column":43}},"29":{"start":{"line":99,"column":2},"end":{"line":112,"column":5}},"30":{"start":{"line":100,"column":4},"end":{"line":102,"column":6}},"31":{"start":{"line":103,"column":4},"end":{"line":111,"column":17}},"32":{"start":{"line":109,"column":8},"end":{"line":109,"column":68}},"33":{"start":{"line":114,"column":2},"end":{"line":127,"column":5}},"34":{"start":{"line":115,"column":4},"end":{"line":117,"column":6}},"35":{"start":{"line":118,"column":4},"end":{"line":126,"column":17}},"36":{"start":{"line":124,"column":8},"end":{"line":124,"column":82}},"37":{"start":{"line":130,"column":0},"end":{"line":176,"column":3}},"38":{"start":{"line":131,"column":2},"end":{"line":145,"column":5}},"39":{"start":{"line":132,"column":4},"end":{"line":134,"column":6}},"40":{"start":{"line":135,"column":4},"end":{"line":144,"column":17}},"41":{"start":{"line":141,"column":8},"end":{"line":141,"column":82}},"42":{"start":{"line":142,"column":8},"end":{"line":142,"column":43}},"43":{"start":{"line":147,"column":2},"end":{"line":160,"column":5}},"44":{"start":{"line":148,"column":4},"end":{"line":150,"column":6}},"45":{"start":{"line":151,"column":4},"end":{"line":159,"column":17}},"46":{"start":{"line":157,"column":8},"end":{"line":157,"column":68}},"47":{"start":{"line":162,"column":2},"end":{"line":175,"column":5}},"48":{"start":{"line":163,"column":4},"end":{"line":165,"column":6}},"49":{"start":{"line":166,"column":4},"end":{"line":174,"column":17}},"50":{"start":{"line":172,"column":8},"end":{"line":172,"column":82}},"51":{"start":{"line":178,"column":0},"end":{"line":190,"column":3}},"52":{"start":{"line":179,"column":2},"end":{"line":189,"column":5}},"53":{"start":{"line":180,"column":4},"end":{"line":188,"column":17}},"54":{"start":{"line":185,"column":8},"end":{"line":185,"column":80}},"55":{"start":{"line":186,"column":8},"end":{"line":186,"column":43}}},"branchMap":{}},"/home/timothy/Desktop/Node_projects/andela/i-reporter/index.js":{"path":"/home/timothy/Desktop/Node_projects/andela/i-reporter/index.js","s":{"1":1,"2":1,"3":1,"4":1,"5":1,"6":1,"7":1,"8":1},"b":{"1":[1,1]},"f":{},"fnMap":{},"statementMap":{"1":{"start":{"line":2,"column":0},"end":{"line":2,"column":35}},"2":{"start":{"line":4,"column":0},"end":{"line":4,"column":22}},"3":{"start":{"line":6,"column":0},"end":{"line":6,"column":24}},"4":{"start":{"line":7,"column":0},"end":{"line":7,"column":36}},"5":{"start":{"line":10,"column":0},"end":{"line":10,"column":38}},"6":{"start":{"line":11,"column":0},"end":{"line":11,"column":69}},"7":{"start":{"line":11,"column":23},"end":{"line":11,"column":67}},"8":{"start":{"line":13,"column":0},"end":{"line":15,"column":2}}},"branchMap":{"1":{"line":10,"type":"binary-expr","locations":[{"start":{"line":10,"column":13},"end":{"line":10,"column":29}},{"start":{"line":10,"column":33},"end":{"line":10,"column":37}}]}}},"/home/timothy/Desktop/Node_projects/andela/i-reporter/routes/routes.js":{"path":"/home/timothy/Desktop/Node_projects/andela/i-reporter/routes/routes.js","s":{"1":1,"2":1,"3":1,"4":1,"5":0,"6":1},"b":{},"f":{},"fnMap":{},"statementMap":{"1":{"start":{"line":1,"column":0},"end":{"line":1,"column":35}},"2":{"start":{"line":3,"column":0},"end":{"line":3,"column":32}},"3":{"start":{"line":5,"column":0},"end":{"line":5,"column":55}},"4":{"start":{"line":8,"column":0},"end":{"line":29,"column":6}},"5":{"start":{"line":10,"column":4},"end":{"line":28,"column":102}},"6":{"start":{"line":31,"column":0},"end":{"line":31,"column":24}}},"branchMap":{}},"/home/timothy/Desktop/Node_projects/andela/i-reporter/routes/v1/incident.routes.js":{"path":"/home/timothy/Desktop/Node_projects/andela/i-reporter/routes/v1/incident.routes.js","s":{"1":1,"2":1,"3":1,"4":1,"5":1,"6":1,"7":0,"8":1,"9":1,"10":1,"11":0,"12":1,"13":2,"14":2,"15":1,"16":1,"17":1,"18":3,"19":1,"20":2,"21":1,"22":3,"23":1,"24":2,"25":1,"26":1,"27":1,"28":0,"29":1,"30":1,"31":1,"32":0,"33":1,"34":1,"35":1,"36":0,"37":1,"38":2,"39":2,"40":1,"41":1,"42":1,"43":3,"44":1,"45":2,"46":1,"47":3,"48":1,"49":2,"50":1,"51":1,"52":1,"53":0,"54":1},"b":{},"f":{},"fnMap":{},"statementMap":{"1":{"start":{"line":1,"column":0},"end":{"line":1,"column":35}},"2":{"start":{"line":3,"column":0},"end":{"line":3,"column":60}},"3":{"start":{"line":5,"column":0},"end":{"line":5,"column":32}},"4":{"start":{"line":13,"column":0},"end":{"line":21,"column":3}},"5":{"start":{"line":14,"column":2},"end":{"line":20,"column":7}},"6":{"start":{"line":16,"column":6},"end":{"line":16,"column":50}},"7":{"start":{"line":19,"column":6},"end":{"line":19,"column":45}},"8":{"start":{"line":24,"column":0},"end":{"line":32,"column":3}},"9":{"start":{"line":25,"column":2},"end":{"line":31,"column":7}},"10":{"start":{"line":27,"column":6},"end":{"line":27,"column":50}},"11":{"start":{"line":30,"column":6},"end":{"line":30,"column":45}},"12":{"start":{"line":35,"column":0},"end":{"line":44,"column":3}},"13":{"start":{"line":36,"column":2},"end":{"line":36,"column":35}},"14":{"start":{"line":37,"column":2},"end":{"line":43,"column":7}},"15":{"start":{"line":39,"column":6},"end":{"line":39,"column":50}},"16":{"start":{"line":42,"column":6},"end":{"line":42,"column":45}},"17":{"start":{"line":47,"column":0},"end":{"line":55,"column":3}},"18":{"start":{"line":48,"column":2},"end":{"line":54,"column":7}},"19":{"start":{"line":50,"column":6},"end":{"line":50,"column":50}},"20":{"start":{"line":53,"column":6},"end":{"line":53,"column":45}},"21":{"start":{"line":58,"column":0},"end":{"line":66,"column":3}},"22":{"start":{"line":59,"column":2},"end":{"line":65,"column":7}},"23":{"start":{"line":61,"column":6},"end":{"line":61,"column":50}},"24":{"start":{"line":64,"column":6},"end":{"line":64,"column":45}},"25":{"start":{"line":69,"column":0},"end":{"line":77,"column":3}},"26":{"start":{"line":70,"column":2},"end":{"line":76,"column":7}},"27":{"start":{"line":72,"column":6},"end":{"line":72,"column":50}},"28":{"start":{"line":75,"column":6},"end":{"line":75,"column":45}},"29":{"start":{"line":85,"column":0},"end":{"line":93,"column":3}},"30":{"start":{"line":86,"column":2},"end":{"line":92,"column":7}},"31":{"start":{"line":88,"column":6},"end":{"line":88,"column":50}},"32":{"start":{"line":91,"column":6},"end":{"line":91,"column":45}},"33":{"start":{"line":96,"column":0},"end":{"line":104,"column":3}},"34":{"start":{"line":97,"column":2},"end":{"line":103,"column":7}},"35":{"start":{"line":99,"column":6},"end":{"line":99,"column":50}},"36":{"start":{"line":102,"column":6},"end":{"line":102,"column":45}},"37":{"start":{"line":107,"column":0},"end":{"line":116,"column":3}},"38":{"start":{"line":108,"column":2},"end":{"line":108,"column":35}},"39":{"start":{"line":109,"column":2},"end":{"line":115,"column":7}},"40":{"start":{"line":111,"column":6},"end":{"line":111,"column":50}},"41":{"start":{"line":114,"column":6},"end":{"line":114,"column":45}},"42":{"start":{"line":119,"column":0},"end":{"line":127,"column":3}},"43":{"start":{"line":120,"column":2},"end":{"line":126,"column":7}},"44":{"start":{"line":122,"column":6},"end":{"line":122,"column":50}},"45":{"start":{"line":125,"column":6},"end":{"line":125,"column":45}},"46":{"start":{"line":130,"column":0},"end":{"line":138,"column":3}},"47":{"start":{"line":131,"column":2},"end":{"line":137,"column":7}},"48":{"start":{"line":133,"column":6},"end":{"line":133,"column":50}},"49":{"start":{"line":136,"column":6},"end":{"line":136,"column":45}},"50":{"start":{"line":141,"column":0},"end":{"line":149,"column":3}},"51":{"start":{"line":142,"column":2},"end":{"line":148,"column":7}},"52":{"start":{"line":144,"column":6},"end":{"line":144,"column":50}},"53":{"start":{"line":147,"column":6},"end":{"line":147,"column":45}},"54":{"start":{"line":151,"column":0},"end":{"line":151,"column":24}}},"branchMap":{}},"/home/timothy/Desktop/Node_projects/andela/i-reporter/model/incident-model.js":{"path":"/home/timothy/Desktop/Node_projects/andela/i-reporter/model/incident-model.js","s":{"1":1,"2":1,"3":1,"4":1,"5":20,"6":20,"7":20,"8":0,"9":20,"10":0,"11":20,"12":1,"13":4,"14":4,"15":4,"16":4,"17":4,"18":4,"19":2,"20":2,"21":2,"22":2,"23":2,"24":0,"25":2,"26":1,"27":2,"28":2,"29":2,"30":2,"31":11,"32":2,"33":0,"34":2,"35":0,"36":1,"37":6,"38":6,"39":6,"40":6,"41":33,"42":6,"43":2,"44":4,"45":2,"46":2,"47":2,"48":4,"49":0,"50":1,"51":6,"52":6,"53":6,"54":6,"55":33,"56":6,"57":2,"58":4,"59":2,"60":2,"61":2,"62":4,"63":0,"64":1,"65":2,"66":2,"67":2,"68":2,"69":11,"70":2,"71":0,"72":2,"73":11,"74":2,"75":2,"76":1},"b":{"1":[0,20],"2":[0,20],"3":[2,2],"4":[0,2],"5":[2,4],"6":[2,2],"7":[2,4],"8":[2,2],"9":[0,2]},"f":{"1":20,"2":4,"3":2,"4":6,"5":6,"6":2},"fnMap":{"1":{"name":"getAll","line":7,"loc":{"start":{"line":7,"column":0},"end":{"line":7,"column":22}}},"2":{"name":"createNew","line":28,"loc":{"start":{"line":28,"column":0},"end":{"line":28,"column":35}}},"3":{"name":"get","line":62,"loc":{"start":{"line":62,"column":0},"end":{"line":62,"column":23}}},"4":{"name":"editLocation","line":85,"loc":{"start":{"line":85,"column":0},"end":{"line":85,"column":45}}},"5":{"name":"editComment","line":122,"loc":{"start":{"line":122,"column":0},"end":{"line":122,"column":43}}},"6":{"name":"deleteComment","line":158,"loc":{"start":{"line":158,"column":0},"end":{"line":158,"column":33}}}},"statementMap":{"1":{"start":{"line":2,"column":0},"end":{"line":2,"column":27}},"2":{"start":{"line":3,"column":0},"end":{"line":3,"column":44}},"3":{"start":{"line":4,"column":0},"end":{"line":4,"column":44}},"4":{"start":{"line":7,"column":0},"end":{"line":26,"column":1}},"5":{"start":{"line":8,"column":2},"end":{"line":8,"column":60}},"6":{"start":{"line":9,"column":2},"end":{"line":25,"column":5}},"7":{"start":{"line":10,"column":4},"end":{"line":20,"column":5}},"8":{"start":{"line":11,"column":6},"end":{"line":14,"column":9}},"9":{"start":{"line":15,"column":11},"end":{"line":20,"column":5}},"10":{"start":{"line":16,"column":6},"end":{"line":19,"column":9}},"11":{"start":{"line":21,"column":4},"end":{"line":24,"column":7}},"12":{"start":{"line":28,"column":0},"end":{"line":60,"column":1}},"13":{"start":{"line":29,"column":2},"end":{"line":59,"column":5}},"14":{"start":{"line":30,"column":4},"end":{"line":30,"column":34}},"15":{"start":{"line":31,"column":4},"end":{"line":31,"column":46}},"16":{"start":{"line":32,"column":4},"end":{"line":32,"column":61}},"17":{"start":{"line":34,"column":4},"end":{"line":34,"column":69}},"18":{"start":{"line":35,"column":4},"end":{"line":58,"column":5}},"19":{"start":{"line":36,"column":6},"end":{"line":39,"column":9}},"20":{"start":{"line":41,"column":6},"end":{"line":49,"column":11}},"21":{"start":{"line":43,"column":10},"end":{"line":43,"column":35}},"22":{"start":{"line":44,"column":10},"end":{"line":44,"column":37}},"23":{"start":{"line":45,"column":10},"end":{"line":45,"column":63}},"24":{"start":{"line":48,"column":10},"end":{"line":48,"column":70}},"25":{"start":{"line":51,"column":6},"end":{"line":57,"column":9}},"26":{"start":{"line":62,"column":0},"end":{"line":83,"column":1}},"27":{"start":{"line":63,"column":2},"end":{"line":82,"column":5}},"28":{"start":{"line":64,"column":4},"end":{"line":81,"column":9}},"29":{"start":{"line":66,"column":8},"end":{"line":66,"column":33}},"30":{"start":{"line":67,"column":8},"end":{"line":67,"column":54}},"31":{"start":{"line":67,"column":41},"end":{"line":67,"column":52}},"32":{"start":{"line":68,"column":8},"end":{"line":73,"column":9}},"33":{"start":{"line":69,"column":10},"end":{"line":72,"column":13}},"34":{"start":{"line":74,"column":8},"end":{"line":77,"column":11}},"35":{"start":{"line":80,"column":8},"end":{"line":80,"column":20}},"36":{"start":{"line":85,"column":0},"end":{"line":120,"column":1}},"37":{"start":{"line":86,"column":2},"end":{"line":119,"column":5}},"38":{"start":{"line":87,"column":4},"end":{"line":118,"column":9}},"39":{"start":{"line":89,"column":8},"end":{"line":89,"column":33}},"40":{"start":{"line":90,"column":8},"end":{"line":90,"column":54}},"41":{"start":{"line":90,"column":41},"end":{"line":90,"column":52}},"42":{"start":{"line":91,"column":8},"end":{"line":114,"column":9}},"43":{"start":{"line":92,"column":10},"end":{"line":95,"column":13}},"44":{"start":{"line":97,"column":10},"end":{"line":108,"column":11}},"45":{"start":{"line":98,"column":12},"end":{"line":98,"column":51}},"46":{"start":{"line":99,"column":12},"end":{"line":99,"column":65}},"47":{"start":{"line":101,"column":12},"end":{"line":107,"column":15}},"48":{"start":{"line":110,"column":10},"end":{"line":113,"column":13}},"49":{"start":{"line":117,"column":8},"end":{"line":117,"column":20}},"50":{"start":{"line":122,"column":0},"end":{"line":156,"column":1}},"51":{"start":{"line":123,"column":2},"end":{"line":155,"column":5}},"52":{"start":{"line":124,"column":4},"end":{"line":154,"column":9}},"53":{"start":{"line":126,"column":8},"end":{"line":126,"column":33}},"54":{"start":{"line":127,"column":8},"end":{"line":127,"column":54}},"55":{"start":{"line":127,"column":41},"end":{"line":127,"column":52}},"56":{"start":{"line":128,"column":8},"end":{"line":150,"column":9}},"57":{"start":{"line":129,"column":10},"end":{"line":132,"column":13}},"58":{"start":{"line":134,"column":10},"end":{"line":145,"column":11}},"59":{"start":{"line":135,"column":12},"end":{"line":135,"column":48}},"60":{"start":{"line":136,"column":12},"end":{"line":136,"column":65}},"61":{"start":{"line":138,"column":12},"end":{"line":144,"column":15}},"62":{"start":{"line":146,"column":10},"end":{"line":149,"column":13}},"63":{"start":{"line":153,"column":8},"end":{"line":153,"column":20}},"64":{"start":{"line":158,"column":0},"end":{"line":187,"column":1}},"65":{"start":{"line":159,"column":2},"end":{"line":186,"column":5}},"66":{"start":{"line":160,"column":4},"end":{"line":185,"column":9}},"67":{"start":{"line":162,"column":8},"end":{"line":162,"column":33}},"68":{"start":{"line":163,"column":8},"end":{"line":163,"column":54}},"69":{"start":{"line":163,"column":41},"end":{"line":163,"column":52}},"70":{"start":{"line":164,"column":8},"end":{"line":184,"column":9}},"71":{"start":{"line":165,"column":10},"end":{"line":168,"column":13}},"72":{"start":{"line":173,"column":10},"end":{"line":173,"column":73}},"73":{"start":{"line":173,"column":53},"end":{"line":173,"column":71}},"74":{"start":{"line":174,"column":10},"end":{"line":174,"column":63}},"75":{"start":{"line":177,"column":10},"end":{"line":183,"column":13}},"76":{"start":{"line":189,"column":0},"end":{"line":196,"column":2}}},"branchMap":{"1":{"line":10,"type":"if","locations":[{"start":{"line":10,"column":4},"end":{"line":10,"column":4}},{"start":{"line":10,"column":4},"end":{"line":10,"column":4}}]},"2":{"line":15,"type":"if","locations":[{"start":{"line":15,"column":11},"end":{"line":15,"column":11}},{"start":{"line":15,"column":11},"end":{"line":15,"column":11}}]},"3":{"line":35,"type":"if","locations":[{"start":{"line":35,"column":4},"end":{"line":35,"column":4}},{"start":{"line":35,"column":4},"end":{"line":35,"column":4}}]},"4":{"line":68,"type":"if","locations":[{"start":{"line":68,"column":8},"end":{"line":68,"column":8}},{"start":{"line":68,"column":8},"end":{"line":68,"column":8}}]},"5":{"line":91,"type":"if","locations":[{"start":{"line":91,"column":8},"end":{"line":91,"column":8}},{"start":{"line":91,"column":8},"end":{"line":91,"column":8}}]},"6":{"line":97,"type":"if","locations":[{"start":{"line":97,"column":10},"end":{"line":97,"column":10}},{"start":{"line":97,"column":10},"end":{"line":97,"column":10}}]},"7":{"line":128,"type":"if","locations":[{"start":{"line":128,"column":8},"end":{"line":128,"column":8}},{"start":{"line":128,"column":8},"end":{"line":128,"column":8}}]},"8":{"line":134,"type":"if","locations":[{"start":{"line":134,"column":10},"end":{"line":134,"column":10}},{"start":{"line":134,"column":10},"end":{"line":134,"column":10}}]},"9":{"line":164,"type":"if","locations":[{"start":{"line":164,"column":8},"end":{"line":164,"column":8}},{"start":{"line":164,"column":8},"end":{"line":164,"column":8}}]}}},"/home/timothy/Desktop/Node_projects/andela/i-reporter/helpers/helper.js":{"path":"/home/timothy/Desktop/Node_projects/andela/i-reporter/helpers/helper.js","s":{"1":1,"2":1,"3":4,"4":1,"5":8,"6":0,"7":0,"8":0,"9":1,"10":24,"11":24,"12":24,"13":0,"14":1,"15":4,"16":4,"17":4,"18":0,"19":1},"b":{"1":[0,0],"2":[4,0],"3":[4,4]},"f":{"1":8,"2":24,"3":4},"fnMap":{"1":{"name":"writeJSONFile","line":6,"loc":{"start":{"line":6,"column":0},"end":{"line":6,"column":42}}},"2":{"name":"readJSONFile","line":15,"loc":{"start":{"line":15,"column":0},"end":{"line":15,"column":32}}},"3":{"name":"getNewID","line":25,"loc":{"start":{"line":25,"column":0},"end":{"line":25,"column":24}}}},"statementMap":{"1":{"start":{"line":1,"column":0},"end":{"line":1,"column":25}},"2":{"start":{"line":3,"column":0},"end":{"line":3,"column":44}},"3":{"start":{"line":3,"column":22},"end":{"line":3,"column":43}},"4":{"start":{"line":6,"column":0},"end":{"line":13,"column":1}},"5":{"start":{"line":7,"column":2},"end":{"line":12,"column":5}},"6":{"start":{"line":8,"column":4},"end":{"line":10,"column":5}},"7":{"start":{"line":9,"column":6},"end":{"line":9,"column":17}},"8":{"start":{"line":11,"column":4},"end":{"line":11,"column":16}},"9":{"start":{"line":15,"column":0},"end":{"line":22,"column":1}},"10":{"start":{"line":16,"column":2},"end":{"line":21,"column":3}},"11":{"start":{"line":17,"column":4},"end":{"line":17,"column":51}},"12":{"start":{"line":18,"column":4},"end":{"line":18,"column":28}},"13":{"start":{"line":20,"column":4},"end":{"line":20,"column":26}},"14":{"start":{"line":25,"column":0},"end":{"line":32,"column":1}},"15":{"start":{"line":26,"column":2},"end":{"line":26,"column":35}},"16":{"start":{"line":28,"column":2},"end":{"line":30,"column":3}},"17":{"start":{"line":29,"column":4},"end":{"line":29,"column":42}},"18":{"start":{"line":31,"column":2},"end":{"line":31,"column":11}},"19":{"start":{"line":35,"column":0},"end":{"line":40,"column":2}}},"branchMap":{"1":{"line":8,"type":"if","locations":[{"start":{"line":8,"column":4},"end":{"line":8,"column":4}},{"start":{"line":8,"column":4},"end":{"line":8,"column":4}}]},"2":{"line":28,"type":"if","locations":[{"start":{"line":28,"column":2},"end":{"line":28,"column":2}},{"start":{"line":28,"column":2},"end":{"line":28,"column":2}}]},"3":{"line":28,"type":"binary-expr","locations":[{"start":{"line":28,"column":6},"end":{"line":28,"column":22}},{"start":{"line":28,"column":26},"end":{"line":28,"column":50}}]}}},"/home/timothy/Desktop/Node_projects/andela/i-reporter/helpers/schema.js":{"path":"/home/timothy/Desktop/Node_projects/andela/i-reporter/helpers/schema.js","s":{"1":1,"2":1,"3":1},"b":{},"f":{},"fnMap":{},"statementMap":{"1":{"start":{"line":1,"column":0},"end":{"line":1,"column":27}},"2":{"start":{"line":3,"column":0},"end":{"line":16,"column":2}},"3":{"start":{"line":18,"column":0},"end":{"line":20,"column":2}}},"branchMap":{}},"/home/timothy/Desktop/Node_projects/andela/i-reporter/Test/red-flag.test.js":{"path":"/home/timothy/Desktop/Node_projects/andela/i-reporter/Test/red-flag.test.js","s":{"1":1,"2":1,"3":1,"4":1,"5":1,"6":1,"7":1,"8":1,"9":1,"10":1,"11":1,"12":1,"13":1,"14":1,"15":1,"16":1,"17":1,"18":1,"19":1,"20":1,"21":1,"22":1,"23":1,"24":1,"25":1,"26":1,"27":1,"28":1,"29":1,"30":1,"31":1,"32":1,"33":1,"34":1,"35":1,"36":1,"37":1,"38":1,"39":1,"40":1,"41":1,"42":1,"43":1,"44":1,"45":1,"46":1,"47":1,"48":1,"49":1,"50":1,"51":1,"52":1,"53":1,"54":1,"55":1},"b":{},"f":{},"fnMap":{},"statementMap":{"1":{"start":{"line":1,"column":0},"end":{"line":1,"column":36}},"2":{"start":{"line":2,"column":0},"end":{"line":2,"column":37}},"3":{"start":{"line":3,"column":0},"end":{"line":3,"column":36}},"4":{"start":{"line":5,"column":0},"end":{"line":5,"column":15}},"5":{"start":{"line":7,"column":0},"end":{"line":54,"column":3}},"6":{"start":{"line":8,"column":2},"end":{"line":30,"column":5}},"7":{"start":{"line":9,"column":4},"end":{"line":18,"column":6}},"8":{"start":{"line":20,"column":4},"end":{"line":29,"column":17}},"9":{"start":{"line":26,"column":8},"end":{"line":26,"column":67}},"10":{"start":{"line":27,"column":8},"end":{"line":27,"column":29}},"11":{"start":{"line":32,"column":2},"end":{"line":53,"column":5}},"12":{"start":{"line":33,"column":4},"end":{"line":42,"column":6}},"13":{"start":{"line":44,"column":4},"end":{"line":52,"column":17}},"14":{"start":{"line":50,"column":8},"end":{"line":50,"column":64}},"15":{"start":{"line":56,"column":0},"end":{"line":67,"column":3}},"16":{"start":{"line":57,"column":2},"end":{"line":66,"column":5}},"17":{"start":{"line":58,"column":4},"end":{"line":65,"column":17}},"18":{"start":{"line":63,"column":8},"end":{"line":63,"column":43}},"19":{"start":{"line":69,"column":0},"end":{"line":80,"column":3}},"20":{"start":{"line":70,"column":2},"end":{"line":79,"column":5}},"21":{"start":{"line":71,"column":4},"end":{"line":78,"column":17}},"22":{"start":{"line":76,"column":8},"end":{"line":76,"column":44}},"23":{"start":{"line":82,"column":0},"end":{"line":128,"column":3}},"24":{"start":{"line":83,"column":2},"end":{"line":97,"column":5}},"25":{"start":{"line":84,"column":4},"end":{"line":86,"column":6}},"26":{"start":{"line":87,"column":4},"end":{"line":96,"column":17}},"27":{"start":{"line":93,"column":8},"end":{"line":93,"column":79}},"28":{"start":{"line":94,"column":8},"end":{"line":94,"column":43}},"29":{"start":{"line":99,"column":2},"end":{"line":112,"column":5}},"30":{"start":{"line":100,"column":4},"end":{"line":102,"column":6}},"31":{"start":{"line":103,"column":4},"end":{"line":111,"column":17}},"32":{"start":{"line":109,"column":8},"end":{"line":109,"column":68}},"33":{"start":{"line":114,"column":2},"end":{"line":127,"column":5}},"34":{"start":{"line":115,"column":4},"end":{"line":117,"column":6}},"35":{"start":{"line":118,"column":4},"end":{"line":126,"column":17}},"36":{"start":{"line":124,"column":8},"end":{"line":124,"column":78}},"37":{"start":{"line":130,"column":0},"end":{"line":176,"column":3}},"38":{"start":{"line":131,"column":2},"end":{"line":145,"column":5}},"39":{"start":{"line":132,"column":4},"end":{"line":134,"column":6}},"40":{"start":{"line":135,"column":4},"end":{"line":144,"column":17}},"41":{"start":{"line":141,"column":8},"end":{"line":141,"column":78}},"42":{"start":{"line":142,"column":8},"end":{"line":142,"column":43}},"43":{"start":{"line":147,"column":2},"end":{"line":160,"column":5}},"44":{"start":{"line":148,"column":4},"end":{"line":150,"column":6}},"45":{"start":{"line":151,"column":4},"end":{"line":159,"column":17}},"46":{"start":{"line":157,"column":8},"end":{"line":157,"column":68}},"47":{"start":{"line":162,"column":2},"end":{"line":175,"column":5}},"48":{"start":{"line":163,"column":4},"end":{"line":165,"column":6}},"49":{"start":{"line":166,"column":4},"end":{"line":174,"column":17}},"50":{"start":{"line":172,"column":8},"end":{"line":172,"column":78}},"51":{"start":{"line":178,"column":0},"end":{"line":190,"column":3}},"52":{"start":{"line":179,"column":2},"end":{"line":189,"column":5}},"53":{"start":{"line":180,"column":4},"end":{"line":188,"column":17}},"54":{"start":{"line":185,"column":8},"end":{"line":185,"column":76}},"55":{"start":{"line":186,"column":8},"end":{"line":186,"column":43}}},"branchMap":{}}}