TN:
SF:/home/timothy/Desktop/Node_projects/andela/i-reporter/Test/intervention.test.js
FNF:0
FNH:0
DA:1,1
DA:2,1
DA:3,1
DA:5,1
DA:7,1
DA:8,1
DA:9,1
DA:20,1
DA:26,1
DA:27,1
DA:32,1
DA:33,1
DA:44,1
DA:50,1
DA:56,1
DA:57,1
DA:58,1
DA:63,1
DA:69,1
DA:70,1
DA:71,1
DA:76,1
DA:82,1
DA:83,1
DA:84,1
DA:87,1
DA:93,1
DA:94,1
DA:99,1
DA:100,1
DA:103,1
DA:109,1
DA:114,1
DA:115,1
DA:118,1
DA:124,1
DA:130,1
DA:131,1
DA:132,1
DA:135,1
DA:141,1
DA:142,1
DA:147,1
DA:148,1
DA:151,1
DA:157,1
DA:162,1
DA:163,1
DA:166,1
DA:172,1
DA:178,1
DA:179,1
DA:180,1
DA:185,1
DA:186,1
LF:55
LH:55
BRF:0
BRH:0
end_of_record
TN:
SF:/home/timothy/Desktop/Node_projects/andela/i-reporter/index.js
FNF:0
FNH:0
DA:2,1
DA:4,1
DA:6,1
DA:7,1
DA:10,1
DA:11,1
DA:13,1
LF:7
LH:7
BRDA:10,1,0,1
BRDA:10,1,1,1
BRF:2
BRH:2
end_of_record
TN:
SF:/home/timothy/Desktop/Node_projects/andela/i-reporter/routes/routes.js
FNF:0
FNH:0
DA:1,1
DA:3,1
DA:5,1
DA:8,1
DA:10,0
DA:31,1
LF:6
LH:5
BRF:0
BRH:0
end_of_record
TN:
SF:/home/timothy/Desktop/Node_projects/andela/i-reporter/routes/v1/incident.routes.js
FNF:0
FNH:0
DA:1,1
DA:3,1
DA:5,1
DA:13,1
DA:14,1
DA:16,1
DA:19,0
DA:24,1
DA:25,1
DA:27,1
DA:30,0
DA:35,1
DA:36,2
DA:37,2
DA:39,1
DA:42,1
DA:47,1
DA:48,3
DA:50,1
DA:53,2
DA:58,1
DA:59,3
DA:61,1
DA:64,2
DA:69,1
DA:70,1
DA:72,1
DA:75,0
DA:85,1
DA:86,1
DA:88,1
DA:91,0
DA:96,1
DA:97,1
DA:99,1
DA:102,0
DA:107,1
DA:108,2
DA:109,2
DA:111,1
DA:114,1
DA:119,1
DA:120,3
DA:122,1
DA:125,2
DA:130,1
DA:131,3
DA:133,1
DA:136,2
DA:141,1
DA:142,1
DA:144,1
DA:147,0
DA:151,1
LF:54
LH:48
BRF:0
BRH:0
end_of_record
TN:
SF:/home/timothy/Desktop/Node_projects/andela/i-reporter/model/incident-model.js
FN:7,getAll
FN:28,createNew
FN:62,get
FN:85,editLocation
FN:122,editComment
FN:158,deleteComment
FNF:6
FNH:6
FNDA:20,getAll
FNDA:4,createNew
FNDA:2,get
FNDA:6,editLocation
FNDA:6,editComment
FNDA:2,deleteComment
DA:2,1
DA:3,1
DA:4,1
DA:7,1
DA:8,20
DA:9,20
DA:10,20
DA:11,0
DA:15,20
DA:16,0
DA:21,20
DA:28,1
DA:29,4
DA:30,4
DA:31,4
DA:32,4
DA:34,4
DA:35,4
DA:36,2
DA:41,2
DA:43,2
DA:44,2
DA:45,2
DA:48,0
DA:51,2
DA:62,1
DA:63,2
DA:64,2
DA:66,2
DA:67,11
DA:68,2
DA:69,0
DA:74,2
DA:80,0
DA:85,1
DA:86,6
DA:87,6
DA:89,6
DA:90,33
DA:91,6
DA:92,2
DA:97,4
DA:98,2
DA:99,2
DA:101,2
DA:110,4
DA:117,0
DA:122,1
DA:123,6
DA:124,6
DA:126,6
DA:127,33
DA:128,6
DA:129,2
DA:134,4
DA:135,2
DA:136,2
DA:138,2
DA:146,4
DA:153,0
DA:158,1
DA:159,2
DA:160,2
DA:162,2
DA:163,11
DA:164,2
DA:165,0
DA:173,11
DA:174,2
DA:177,2
DA:189,1
LF:71
LH:63
BRDA:10,1,0,0
BRDA:10,1,1,20
BRDA:15,2,0,0
BRDA:15,2,1,20
BRDA:35,3,0,2
BRDA:35,3,1,2
BRDA:68,4,0,0
BRDA:68,4,1,2
BRDA:91,5,0,2
BRDA:91,5,1,4
BRDA:97,6,0,2
BRDA:97,6,1,2
BRDA:128,7,0,2
BRDA:128,7,1,4
BRDA:134,8,0,2
BRDA:134,8,1,2
BRDA:164,9,0,0
BRDA:164,9,1,2
BRF:18
BRH:14
end_of_record
TN:
SF:/home/timothy/Desktop/Node_projects/andela/i-reporter/helpers/helper.js
FN:6,writeJSONFile
FN:15,readJSONFile
FN:25,getNewID
FNF:3
FNH:3
FNDA:8,writeJSONFile
FNDA:24,readJSONFile
FNDA:4,getNewID
DA:1,1
DA:3,4
DA:6,1
DA:7,8
DA:8,0
DA:9,0
DA:11,0
DA:15,1
DA:16,24
DA:17,24
DA:18,24
DA:20,0
DA:25,1
DA:26,4
DA:28,4
DA:29,4
DA:31,0
DA:35,1
LF:18
LH:13
BRDA:8,1,0,0
BRDA:8,1,1,0
BRDA:28,2,0,4
BRDA:28,2,1,0
BRDA:28,3,0,4
BRDA:28,3,1,4
BRF:6
BRH:3
end_of_record
TN:
SF:/home/timothy/Desktop/Node_projects/andela/i-reporter/helpers/schema.js
FNF:0
FNH:0
DA:1,1
DA:3,1
DA:18,1
LF:3
LH:3
BRF:0
BRH:0
end_of_record
TN:
SF:/home/timothy/Desktop/Node_projects/andela/i-reporter/Test/red-flag.test.js
FNF:0
FNH:0
DA:1,1
DA:2,1
DA:3,1
DA:5,1
DA:7,1
DA:8,1
DA:9,1
DA:20,1
DA:26,1
DA:27,1
DA:32,1
DA:33,1
DA:44,1
DA:50,1
DA:56,1
DA:57,1
DA:58,1
DA:63,1
DA:69,1
DA:70,1
DA:71,1
DA:76,1
DA:82,1
DA:83,1
DA:84,1
DA:87,1
DA:93,1
DA:94,1
DA:99,1
DA:100,1
DA:103,1
DA:109,1
DA:114,1
DA:115,1
DA:118,1
DA:124,1
DA:130,1
DA:131,1
DA:132,1
DA:135,1
DA:141,1
DA:142,1
DA:147,1
DA:148,1
DA:151,1
DA:157,1
DA:162,1
DA:163,1
DA:166,1
DA:172,1
DA:178,1
DA:179,1
DA:180,1
DA:185,1
DA:186,1
LF:55
LH:55
BRF:0
BRH:0
end_of_record
